[INFO] 19:46:40:900 consola/(2657:2657): Se creo todo bien
[INFO] 19:48:01:480 consola/(2767:2767): Se creo todo bien
[INFO] 19:48:17:177 consola/(2791:2791): Se creo todo bien
[INFO] 19:48:20:743 consola/(2807:2807): Se creo todo bien
[INFO] 19:52:21:648 consola/(2936:2936): Se creo todo bien
[INFO] 21:56:15:787 consola/(2091:2091): Se creo todo bien
[INFO] 21:56:51:939 consola/(2110:2110): Se creo todo bien
[INFO] 21:59:13:328 consola/(2156:2156): Se creo todo bien
[INFO] 22:00:41:271 consola/(2271:2271): Se creo todo bien
[INFO] 22:00:51:120 consola/(2303:2303): Se creo todo bien
[INFO] 22:03:01:224 consola/(2454:2454): Se creo todo bien
[INFO] 22:03:45:940 consola/(2512:2512): Se creo todo bien
[INFO] 22:03:47:555 consola/(2512:2512): Se sacaron las cosas bien
[ERROR] 22:03:47:924 consola/(2512:2512): Error creando el socket para 127.0.0.1:8002 
[INFO] 22:03:48:237 consola/(2512:2512): Se creo la conexion
[INFO] 22:05:29:534 consola/(2588:2588): Se creo todo bien
[INFO] 22:05:29:534 consola/(2588:2588): Se sacaron las cosas bien
[ERROR] 22:05:29:534 consola/(2588:2588): Error creando el socket para 127.0.0.1:8002 
[INFO] 22:05:29:534 consola/(2588:2588): Se creo la conexion
[INFO] 22:08:33:709 consola/(2650:2650): Se creo todo bien
[INFO] 22:08:33:709 consola/(2650:2650): Se sacaron las cosas bien
[INFO] 22:08:33:710 consola/(2650:2650): Cliente conectado en 127.0.0.1:8000 (a Kernel)

[INFO] 22:08:33:710 consola/(2650:2650): Se creo la conexion
[INFO] 20:26:50:385 consola/(7313:7313): Cliente conectado en 127.0.0.1:8000 (a Kernel)

[INFO] 20:45:05:085 consola/(8700:8700): Cliente conectado en 127.0.0.1:8000 (a Kernel)

[INFO] 20:48:36:929 consola/(8796:8796): Cliente conectado en 127.0.0.1:8000 (a Kernel)

[INFO] 20:51:31:979 consola/(9149:9149): Cliente conectado en 127.0.0.1:8000 (a Kernel)

[ERROR] 13:46:37:008 consola/(66486:66486): Error al conectar (a Kernel)

[ERROR] 13:46:57:516 consola/(66504:66504): Error al conectar (a Kernel)

[ERROR] 13:49:10:785 consola/(66657:66657): Error al conectar (a Kernel)

[ERROR] 13:49:17:000 consola/(66667:66667): Error al conectar (a Kernel)

[INFO] 13:50:18:440 consola/(66700:66700): Cliente conectado en 127.0.0.1:8000 (a Kernel)

[INFO] 20:42:16:262 consola/(3237:3237): Cliente conectado en 127.0.0.1:8000 (a Kernel)

[INFO] 20:43:04:807 consola/(3321:3321): Cliente conectado en 127.0.0.1:8000 (a Kernel)

[ERROR] 16:30:46:914 consola/(30258:30258): Error abriendo archivo
[ERROR] 16:31:18:222 consola/(30272:30272): Error abriendo archivo
[ERROR] 16:31:29:390 consola/(30290:30290): Error abriendo archivo
[ERROR] 16:32:59:914 consola/(30355:30355): Error al conectar (a Kernel)

[ERROR] 16:33:44:208 consola/(30370:30370): Error al conectar (a Kernel)

[ERROR] 16:37:11:950 consola/(30432:30432): Error al conectar (a Kernel)

