[TRACE] 20:25:16:889 Memoria/(7235:7235): Listo para escuchar
[INFO] 20:25:16:889 Memoria/(7235:7235): Servidor listo para recibir al cliente
[TRACE] 20:25:26:273 Memoria/(7250:7250): Listo para escuchar
[INFO] 20:25:26:274 Memoria/(7250:7250): Servidor listo para recibir al cliente
[TRACE] 20:27:32:092 Memoria/(7331:7331): Listo para escuchar
[INFO] 20:27:32:092 Memoria/(7331:7331): Servidor listo para recibir al cliente
[TRACE] 20:30:42:588 Memoria/(7626:7626): Listo para escuchar
[INFO] 20:30:42:590 Memoria/(7626:7626): Servidor listo para recibir al cliente
[TRACE] 20:30:47:317 Memoria/(7643:7643): Listo para escuchar
[INFO] 20:30:47:317 Memoria/(7643:7643): Servidor listo para recibir al cliente
[TRACE] 20:32:22:901 Memoria/(7725:7725): Listo para escuchar
[INFO] 20:32:22:901 Memoria/(7725:7725): Servidor listo para recibir al cliente
[TRACE] 20:38:04:872 Memoria/(8202:8202): Listo para escuchar
[INFO] 20:38:04:872 Memoria/(8202:8202): Servidor listo para recibir al cliente
[TRACE] 20:41:07:119 Memoria/(8408:8408): Listo para escuchar
[INFO] 20:41:07:119 Memoria/(8408:8408): Servidor listo para recibir al cliente
[TRACE] 20:41:09:447 Memoria/(8424:8424): Listo para escuchar
[INFO] 20:41:09:447 Memoria/(8424:8424): Servidor listo para recibir al cliente
[INFO] 20:45:05:083 Memoria/(8408:8408): Se conecto un cliente
[TRACE] 20:48:11:376 Memoria/(8741:8741): Listo para escuchar
[INFO] 20:48:11:376 Memoria/(8741:8741): Servidor listo para recibir al cliente
[INFO] 20:48:36:923 Memoria/(8741:8741): Se conecto un cliente
[TRACE] 20:49:25:805 Memoria/(8815:8815): Listo para escuchar
[INFO] 20:49:25:805 Memoria/(8815:8815): Servidor listo para recibir al cliente
[TRACE] 20:51:13:527 Memoria/(9111:9111): Listo para escuchar
[INFO] 20:51:13:527 Memoria/(9111:9111): Servidor listo para recibir al cliente
[INFO] 20:51:31:981 Memoria/(9111:9111): Se conecto un cliente
[TRACE] 13:43:05:572 Memoria/(66277:66277): Listo para escuchar
[INFO] 13:43:05:572 Memoria/(66277:66277): Servidor listo para recibir al cliente
[INFO] 13:45:16:837 Memoria/(66452:66452): Servidor listo para recibir al cliente
[INFO] 13:49:25:539 Memoria/(66678:66678): Servidor listo para recibir al cliente
[INFO] 13:50:18:441 Memoria/(66678:66678): Se conecto un cliente
[INFO] 13:52:02:300 Memoria/(66802:66802): Servidor listo para recibir al cliente
[INFO] 20:44:48:078 Memoria/(3476:3476): Servidor listo para recibir al cliente
[INFO] 20:43:19:200 MEMORIA/(36638:36638): Conexiones establecidas
[INFO] 20:43:44:072 MEMORIA/(36684:36684): cree el log
[INFO] 20:45:10:105 MEMORIA/(36770:36770): cree el log
[INFO] 20:46:17:321 MEMORIA/(36848:36848): cree el log
[INFO] 20:46:17:326 MEMORIA/(36848:36848): i found it
[INFO] 20:48:05:144 MEMORIA/(36904:36904): cree el log
[INFO] 20:48:05:147 MEMORIA/(36904:36904): i found it
[INFO] 20:48:32:423 MEMORIA/(36958:36958): cree el log
[INFO] 20:48:32:427 MEMORIA/(36958:36958): i found it
[INFO] 20:48:43:794 MEMORIA/(36996:36996): cree el log
[INFO] 20:48:43:797 MEMORIA/(36996:36996): i found it
[INFO] 20:50:23:825 MEMORIA/(37094:37094): cree el log
[INFO] 20:50:23:837 MEMORIA/(37094:37094): i found it
[INFO] 20:50:23:837 MEMORIA/(37094:37094): i found it
[INFO] 20:50:23:837 MEMORIA/(37094:37094): i found it
[INFO] 20:50:23:838 MEMORIA/(37094:37094): Configuracion cargada correctamente
[INFO] 20:52:45:971 MEMORIA/(37161:37161): cree el log
[INFO] 20:52:45:975 MEMORIA/(37161:37161): i found it
[INFO] 20:52:57:122 MEMORIA/(37203:37203): cree el log
[INFO] 20:52:57:123 MEMORIA/(37203:37203): i found it
[INFO] 20:52:57:123 MEMORIA/(37203:37203): i found it
[INFO] 20:52:57:123 MEMORIA/(37203:37203): Configuracion cargada correctamente
[INFO] 21:00:41:543 MEMORIA/(37352:37352): cree el log
[INFO] 21:00:41:548 MEMORIA/(37352:37352): i found it
[INFO] 21:00:41:549 MEMORIA/(37352:37352): Configuracion cargada correctamente
[INFO] 21:01:46:083 MEMORIA/(37396:37396): cree el log
[INFO] 21:01:46:087 MEMORIA/(37396:37396): i found it
[INFO] 21:02:00:910 MEMORIA/(37432:37432): cree el log
[INFO] 21:02:00:915 MEMORIA/(37432:37432): i found it
[INFO] 21:02:00:915 MEMORIA/(37432:37432): i found it, 4096
[INFO] 21:02:00:915 MEMORIA/(37432:37432): Configuracion cargada correctamente
[INFO] 21:23:28:638 MEMORIA/(38257:38257): cree el log
[INFO] 21:23:28:641 MEMORIA/(38257:38257): i found it
[INFO] 21:23:28:641 MEMORIA/(38257:38257): Configuracion cargada correctamente
[INFO] 21:23:39:389 MEMORIA/(38275:38275): cree el log
[INFO] 21:23:39:392 MEMORIA/(38275:38275): i found it
[INFO] 21:23:39:392 MEMORIA/(38275:38275): Configuracion cargada correctamente
[INFO] 21:55:23:598 MEMORIA/(39175:39175): cree el log
[INFO] 21:55:23:599 MEMORIA/(39175:39175): i found it
[INFO] 21:55:23:599 MEMORIA/(39175:39175): Configuracion cargada correctamente
[INFO] 21:55:43:613 MEMORIA/(39218:39218): cree el log
[INFO] 21:55:43:617 MEMORIA/(39218:39218): i found it
[INFO] 21:55:43:617 MEMORIA/(39218:39218): Configuracion cargada correctamente
[INFO] 22:01:25:622 MEMORIA/(39413:39413): cree el log
[INFO] 22:01:25:627 MEMORIA/(39413:39413): i found it
[INFO] 22:01:25:627 MEMORIA/(39413:39413): Configuracion cargada correctamente
[INFO] 17:48:08:951 MEMORIA/(29384:29384): cargue memoria principal
[INFO] 17:49:04:138 MEMORIA/(29384:29384): Se conecto un cliente
[INFO] 17:49:04:138 MEMORIA/(29384:29426): handshake exitoso
[INFO] 17:50:53:279 MEMORIA/(29384:29384): Se conecto un cliente
[INFO] 13:01:06:046 MEMORIA/(29384:29479): DISCONECT!
[INFO] 13:01:21:459 MEMORIA/(29384:29426): DISCONECT!
