[INFO] 03:24:03:448 Kernel/(7800:7800): Servidor listo para recibir cliente
[INFO] 03:28:15:275 Kernel/(7883:7883): Servidor listo para recibir cliente
[INFO] 03:28:40:794 Kernel/(7883:7883): Se conecto un cliente
[INFO] 13:17:54:175 Kernel/(1959:1959): Servidor listo para recibir cliente
[INFO] 13:21:40:847 Kernel/(1998:1998): Servidor listo para recibir cliente
[INFO] 16:31:01:543 Kernel/(9760:9760): Memoria: Lei la ip 127.0.0.1 y el puerto 8002

[INFO] 16:31:01:556 Kernel/(9760:9760): Servidor listo para recibir cliente
[INFO] 19:37:00:070 Kernel/(2105:2105): Memoria: Lei la ip 127.0.0.1 y el puerto 8002

[INFO] 19:37:00:070 Kernel/(2105:2105): Servidor listo para recibir cliente
[INFO] 19:37:40:813 Kernel/(2129:2129): Memoria: Lei la ip 127.0.0.1 y el puerto 8002

[INFO] 19:37:40:813 Kernel/(2129:2129): Servidor listo para recibir cliente
[INFO] 19:38:23:027 Kernel/(2156:2156): Memoria: Lei la ip 127.0.0.1 y el puerto 8002

[INFO] 19:38:23:027 Kernel/(2156:2156): Servidor listo para recibir cliente
[INFO] 19:43:04:437 Kernel/(2415:2415): Memoria: Lei la ip 127.0.0.1 y el puerto 8002

[INFO] 19:43:04:438 Kernel/(2415:2415): Servidor listo para recibir cliente
[INFO] 19:44:06:826 Kernel/(2460:2460): Memoria: Lei la ip 127.0.0.1 y el puerto 8002

[INFO] 19:44:06:826 Kernel/(2460:2460): Servidor listo para recibir cliente                 
[INFO] 19:49:02:347 Kernel/(2832:2832): Memoria: Lei la ip 127.0.0.1 y el puerto 8002

[INFO] 19:49:02:348 Kernel/(2832:2832): Servidor listo para recibir cliente
[INFO] 19:50:39:651 Kernel/(2880:2880): Memoria: Lei la ip 127.0.0.1 y el puerto 8002

[INFO] 19:50:39:651 Kernel/(2880:2880): Servidor listo para recibir cliente
[INFO] 19:51:29:699 Kernel/(2901:2901): Memoria: Lei la ip 127.0.0.1 y el puerto 8002

[INFO] 19:51:29:699 Kernel/(2901:2901): Servidor listo para recibir cliente
[INFO] 21:54:49:515 Kernel/(2065:2065): Memoria: Lei la ip 127.0.0.1 y el puerto 8002

[INFO] 21:54:49:516 Kernel/(2065:2065): Servidor listo para recibir cliente
[INFO] 22:04:07:718 Kernel/(2562:2562): Memoria: Lei la ip 127.0.0.1 y el puerto 8002

[INFO] 22:04:07:718 Kernel/(2562:2562): Servidor listo para recibir cliente
[INFO] 22:08:22:079 Kernel/(2629:2629): Memoria: Lei la ip 127.0.0.1 y el puerto 8002

[INFO] 22:08:22:088 Kernel/(2629:2629): Servidor listo para recibir cliente
[INFO] 22:08:33:709 Kernel/(2629:2629): Se conecto un cliente
[ERROR] 22:08:33:709 Kernel/(2629:2629): Error al conectar (a Memoria)

[ERROR] 22:08:33:709 Kernel/(2629:2629): Error al conectar (a CPU)

[ERROR] 22:08:33:709 Kernel/(2629:2629): Error al conectar (a FileSystem)

[INFO] 19:58:40:970 Kernel/(4578:4578): Servidor listo para recibir cliente
[INFO] 20:01:13:442 Kernel/(4803:4803): Servidor listo para recibir cliente
[INFO] 20:26:14:269 Kernel/(7299:7299): Servidor listo para recibir cliente
[INFO] 20:26:50:380 Kernel/(7299:7299): Se conecto un cliente
[ERROR] 20:26:50:380 Kernel/(7299:7299): Error al conectar (a Memoria)

[ERROR] 20:26:50:381 Kernel/(7299:7299): Error al conectar (a CPU)

[ERROR] 20:26:50:381 Kernel/(7299:7299): Error al conectar (a FileSystem)

[INFO] 20:38:21:000 Kernel/(8217:8217): Servidor listo para recibir cliente
[INFO] 20:44:48:634 Kernel/(8688:8688): Servidor listo para recibir cliente
[INFO] 20:45:05:082 Kernel/(8688:8688): Se conecto un cliente
[INFO] 20:45:05:083 Kernel/(8688:8688): Cliente conectado en 127.0.0.1:8002 (a Memoria)

[INFO] 20:45:05:083 Kernel/(8688:8688): Cliente conectado en 127.0.0.1:8001 (a CPU)

[INFO] 20:45:05:084 Kernel/(8688:8688): Cliente conectado en 127.0.0.1:8003 (a FileSystem)

[INFO] 20:48:30:815 Kernel/(8784:8784): Servidor listo para recibir cliente
[INFO] 20:48:36:923 Kernel/(8784:8784): Se conecto un cliente
[INFO] 20:48:36:923 Kernel/(8784:8784): Cliente conectado en 127.0.0.1:8002 (a Memoria)

[INFO] 20:48:36:923 Kernel/(8784:8784): Cliente conectado en 127.0.0.1:8001 (a CPU)

[ERROR] 20:48:36:923 Kernel/(8784:8784): Error al conectar (a FileSystem)

[INFO] 20:51:28:464 Kernel/(9137:9137): Servidor listo para recibir cliente
[INFO] 20:51:31:979 Kernel/(9137:9137): Se conecto un cliente
[INFO] 20:51:31:979 Kernel/(9137:9137): Cliente conectado en 127.0.0.1:8001 (a CPU)

[ERROR] 20:51:31:979 Kernel/(9137:9137): Error al conectar (a FileSystem)

[INFO] 20:51:31:979 Kernel/(9137:9137): Cliente conectado en 127.0.0.1:8002 (a Memoria)

[INFO] 13:47:21:155 Kernel/(66526:66526): Servidor listo para recibir cliente
[INFO] 13:50:06:498 Kernel/(66689:66689): Servidor listo para recibir cliente
[INFO] 13:50:18:440 Kernel/(66689:66689): Se conecto un cliente
[ERROR] 13:50:18:441 Kernel/(66689:66689): Error al conectar (a CPU)

[ERROR] 13:50:18:441 Kernel/(66689:66689): Error al conectar (a FileSystem)

[INFO] 13:50:18:441 Kernel/(66689:66689): Cliente conectado en 127.0.0.1:8002 (a Memoria)

[INFO] 13:52:32:674 Kernel/(66878:66878): Servidor listo para recibir cliente
[INFO] 15:13:20:514 Kernel/(68285:68285): Servidor listo para recibir cliente
[INFO] 15:14:08:988 Kernel/(68285:68285): Se conecto un cliente
[INFO] 15:14:57:141 Kernel/(68285:68285): Se conecto un cliente
[INFO] 15:15:17:868 Kernel/(68285:68285): Se conecto un cliente
[INFO] 15:17:43:884 Kernel/(68436:68436): Servidor listo para recibir cliente
[INFO] 15:18:00:550 Kernel/(68436:68436): Se conecto un cliente
[INFO] 15:20:34:642 Kernel/(68436:68436): Se conecto un cliente
[INFO] 15:20:34:642 Kernel/(68436:68436): Se conecto un cliente
[INFO] 15:49:48:439 Kernel/(69584:69584): Servidor listo para recibir cliente
[ERROR] 15:49:48:439 Kernel/(69584:69584): Error al conectar (a CPU)

[ERROR] 15:49:48:439 Kernel/(69584:69584): Error al conectar (a FileSystem)

[INFO] 15:49:48:439 Kernel/(69584:69584): Cliente conectado en 127.0.0.1:8002 (a Memoria)

[INFO] 15:50:22:691 Kernel/(69584:69584): Se conecto un cliente
[INFO] 15:50:22:691 Kernel/(69584:69584): Se conecto un cliente
[INFO] 16:04:03:421 Kernel/(70620:70620): Servidor listo para recibir cliente
[ERROR] 16:04:03:422 Kernel/(70620:70620): Error al conectar (a CPU)

[ERROR] 16:04:03:422 Kernel/(70620:70620): Error al conectar (a FileSystem)

[ERROR] 16:04:03:422 Kernel/(70620:70620): Error al conectar (a Memoria)

[INFO] 16:04:09:577 Kernel/(70638:70638): Servidor listo para recibir cliente
[ERROR] 16:04:09:577 Kernel/(70638:70638): Error al conectar (a CPU)

[ERROR] 16:04:09:577 Kernel/(70638:70638): Error al conectar (a FileSystem)

[ERROR] 16:04:09:577 Kernel/(70638:70638): Error al conectar (a Memoria)

[INFO] 16:04:22:585 Kernel/(70638:70638): Se conecto un cliente
[INFO] 16:04:39:867 Kernel/(70682:70682): Servidor listo para recibir cliente
[ERROR] 16:04:39:868 Kernel/(70682:70682): Error al conectar (a CPU)

[ERROR] 16:04:39:868 Kernel/(70682:70682): Error al conectar (a FileSystem)

[ERROR] 16:04:39:868 Kernel/(70682:70682): Error al conectar (a Memoria)

[INFO] 16:06:57:786 Kernel/(70731:70731): Servidor listo para recibir cliente
[ERROR] 16:06:57:786 Kernel/(70731:70731): Error al conectar (a CPU)

[ERROR] 16:06:57:786 Kernel/(70731:70731): Error al conectar (a FileSystem)

[INFO] 16:06:57:786 Kernel/(70731:70731): Cliente conectado en 127.0.0.1:8002 (a Memoria)

[INFO] 16:07:07:411 Kernel/(70731:70731): Se conecto un cliente
[INFO] 16:07:10:987 Kernel/(70731:70731): Se conecto un cliente
[INFO] 16:07:13:359 Kernel/(70731:70731): Se conecto un cliente
[INFO] 20:40:40:363 Kernel/(3077:3077): Servidor listo para recibir cliente
[ERROR] 20:40:40:365 Kernel/(3077:3077): Error al conectar (a CPU)

[ERROR] 20:40:40:365 Kernel/(3077:3077): Error al conectar (a FileSystem)

[ERROR] 20:40:40:365 Kernel/(3077:3077): Error al conectar (a Memoria)

[INFO] 20:41:03:388 Kernel/(3117:3117): Servidor listo para recibir cliente
[ERROR] 20:41:03:388 Kernel/(3117:3117): Error al conectar (a CPU)

[ERROR] 20:41:03:389 Kernel/(3117:3117): Error al conectar (a FileSystem)

[ERROR] 20:41:03:389 Kernel/(3117:3117): Error al conectar (a Memoria)

[INFO] 20:42:16:262 Kernel/(3077:3077): Se conecto un cliente
[INFO] 20:43:04:806 Kernel/(3077:3077): Se conecto un cliente
[INFO] 21:10:13:992 Kernel/(5298:5298): Servidor listo para recibir cliente
[ERROR] 21:10:13:992 Kernel/(5298:5298): Error al conectar (a CPU)

[ERROR] 21:10:13:993 Kernel/(5298:5298): Error al conectar (a FileSystem)

[ERROR] 21:10:13:993 Kernel/(5298:5298): Error al conectar (a Memoria)

